16:24:13,553 INF core.configuration.product: Loading information about products from /etc/anaconda/product.d.
16:24:13,556 INF core.configuration.product: Found Fedora Server at /etc/anaconda/product.d/fedora-server.conf.
16:24:13,557 INF core.configuration.product: Found Fedora Workstation at /etc/anaconda/product.d/fedora-workstation.conf.
16:24:13,558 INF core.configuration.product: Found Red Hat Virtualization at /etc/anaconda/product.d/rhev.conf.
16:24:13,559 INF core.configuration.product: Found oVirt Node Next at /etc/anaconda/product.d/ovirt.conf.
16:24:13,562 INF core.configuration.product: Found Fedora at /etc/anaconda/product.d/fedora.conf.
16:24:13,563 INF core.configuration.product: Found CentOS Linux at /etc/anaconda/product.d/centos.conf.
16:24:13,564 INF core.configuration.product: Found Scientific Linux at /etc/anaconda/product.d/scientific-linux.conf.
16:24:13,565 INF core.configuration.product: Found Fedora Silverblue at /etc/anaconda/product.d/fedora-silverblue.conf.
16:24:13,566 INF core.configuration.product: Found Fedora Workstation Live at /etc/anaconda/product.d/fedora-workstation-live.conf.
16:24:13,567 INF core.configuration.product: Found Fedora AtomicHost at /etc/anaconda/product.d/fedora-atomic-host.conf.
16:24:13,568 INF core.configuration.product: Found Red Hat Enterprise Linux at /etc/anaconda/product.d/rhel.conf.
16:24:13,569 WRN core.configuration.product: No support for the product Red Hat Enterprise Linux BaseOS.
16:24:13,569 INF core.configuration.product: The product Red Hat Enterprise Linux is supported.
16:24:13,582 INF main: /sbin/anaconda 33.16.4.15-1.el8
16:24:13,582 WRN stdout: Deprecated boot argument 'method' must be used with the 'inst.' prefix. Please use 'inst.method' instead.
16:24:13,583 WRN stdout: Deprecated boot argument 'ks' must be used with the 'inst.' prefix. Please use 'inst.ks' instead.
16:24:13,583 WRN stdout: Anaconda boot arguments without 'inst.' prefix have been deprecated and will be removed in a future major release.
16:24:15,591 INF isys: 4154548 kB (4057 MB) are available
16:24:15,608 INF startup_utils: check_memory(): total:4057, needed:320, graphical:410
16:24:15,618 INF main: anaconda called with cmdline = ['/sbin/anaconda']
16:24:15,619 INF main: Default encoding = utf-8 
16:24:15,620 INF misc: Writing a temporary configuration loaded from: ['/etc/anaconda/anaconda.conf', '/etc/anaconda/product.d/rhel.conf', '/etc/anaconda/conf.d/00-do-nothing.conf', '/etc/anaconda/conf.d/01-still-do-nothing.conf']
16:24:15,644 INF core.dbus: Connecting to the Anaconda bus at unix:abstract=/tmp/dbus-kGu252UQXK,guid=f32e6df87a84204adde5000961096daf.
16:24:22,112 INF main: Found a kickstart file: /run/install/ks.cfg
16:24:22,179 DBG addons: Loading ks section into module path for addon com_redhat_kdump
16:24:22,179 DBG addons: Loading spokes into module path for addon com_redhat_kdump
16:24:22,180 DBG addons: Loading ks section into module path for addon org_fedora_oscap
16:24:22,180 DBG addons: Loading spokes into module path for addon org_fedora_oscap
16:24:22,358 INF startup_utils: Parsing kickstart: /run/install/ks.cfg
16:24:22,838 WRN kickstart: Command keyboard will be parsed in DBus module.
16:24:22,838 WRN kickstart: Command rootpw will be parsed in DBus module.
16:24:22,839 WRN kickstart: Command url will be parsed in DBus module.
16:24:22,840 WRN kickstart: Command network will be parsed in DBus module.
16:24:22,841 WRN kickstart: Command timezone will be parsed in DBus module.
16:24:22,841 WRN kickstart: Command bootloader will be parsed in DBus module.
16:24:22,841 WRN kickstart: Command autopart will be parsed in DBus module.
16:24:22,842 WRN kickstart: Command zerombr will be parsed in DBus module.
16:24:22,842 WRN kickstart: Command clearpart will be parsed in DBus module.
16:24:24,212 DBG localization: setting locale to: en_US.UTF-8
16:24:24,229 DBG network: Initialization started.
16:24:24,239 DBG network: Devices found: ['ens3']
16:24:24,244 DBG network: Running task Consolidate initramfs connections
16:24:24,251 DBG network: Consolidate initramfs connections result: []
16:24:24,256 DBG network: Running task Apply kickstart
16:24:25,269 DBG network: Apply kickstart result: ['ens3']
16:24:25,279 DBG network: Running task Dump missing ifcfg files
16:24:25,287 DBG network: Dump missing ifcfg files result: []
16:24:25,292 DBG network: Running task Set real ONBOOT values from kickstart
16:24:26,302 DBG network: Set real ONBOOT values from kickstart result: ['ens3']
16:24:26,303 DBG network: Creating network configurations.
16:24:26,309 DBG network: Initialization finished.
16:24:26,310 INF threading: Running Thread: AnaWaitForConnectingNMThread (140202995500800)
16:24:26,310 DBG anaconda: setting display mode to TUI
16:24:26,317 WRN stdout: Not asking for VNC because of an automated install
16:24:26,318 WRN stdout: Not asking for VNC because text mode was explicitly asked for in kickstart
16:24:26,319 INF anaconda: Display mode is set to 'interactive text mode'.
16:24:26,320 INF isys: 4154548 kB (4057 MB) are available
16:24:26,336 INF startup_utils: check_memory(): total:4057, needed:320, graphical:410
16:24:26,337 DBG addons: Loading ks section into module path for addon com_redhat_kdump
16:24:26,338 DBG addons: Loading spokes into module path for addon com_redhat_kdump
16:24:26,338 DBG addons: Loading ks section into module path for addon org_fedora_oscap
16:24:26,350 INF network: got 0 NTP servers from DHCP
16:24:26,359 DBG startup_utils: no default systemd target set & in text/vnc mode - setting multi-user.target.
16:24:26,367 INF threading: Thread Done: AnaWaitForConnectingNMThread (140202995500800)
16:24:26,589 DBG core.storage: LABEL=OEMDRV matches [] for devicetree=None and disks_only=True
16:24:26,603 INF threading: Running Thread: AnaStorageThread (140202995500800)
16:24:26,612 INF threading: Running Thread: AnaTimeInitThread (140202965989120)
16:24:26,681 DBG payload.manager: Restarting payload thread
16:24:26,684 INF threading: Running Thread: AnaPayloadRestartThread (140202956547840)
16:24:26,685 INF geoloc: Geolocation is disabled due to automated kickstart based installation.
16:24:26,688 INF threading: Running Thread: AnaPayloadThread (140202948155136)
16:24:26,688 DBG payload.manager: Updating payload thread state: STARTED
16:24:26,689 DBG payload.manager: Updating payload thread state: WAITING_STORAGE
16:24:26,689 INF threading: Thread Done: AnaPayloadRestartThread (140202956547840)
16:24:26,711 DBG simpleline: GLib event loop is used!
16:24:26,787 INF core.util: Skipping detection of unsupported hardware.
16:24:26,787 INF core.util: Skipping detection of SMT.
16:24:26,813 INF lifecycle: Adding controller: SummaryHub
16:24:26,819 INF lifecycle: Module initialized: TimeSpoke
16:24:27,051 INF lifecycle: Module initialized: LangSpoke
16:24:27,053 INF threading: Running Thread: AnaSourceWatcher (140202956547840)
16:24:27,055 INF threading: Running Thread: AnaSoftwareWatcher (140202938976000)
16:24:27,078 INF threading: Running Thread: AnaStorageWatcher (140202930583296)
16:24:27,085 INF lifecycle: Module initialized: NetworkSpoke
16:24:27,098 INF lifecycle: Module initialized: UserSpoke
16:24:27,105 INF lifecycle: Module initialized: PasswordSpoke
16:24:27,110 WRN ui.tui.hubs: Spoke PasswordSpoke initialization failure!
16:24:27,111 INF lifecycle: Initialization of all modules (8) has been started.
16:24:28,001 INF threading: Thread Done: AnaTimeInitThread (140202965989120)
16:24:28,043 INF threading: Thread Done: AnaStorageThread (140202995500800)
16:24:28,043 DBG payload.manager: Updating payload thread state: WAITING_NETWORK
16:24:28,044 DBG payload.manager: Updating payload thread state: DOWNLOADING_PKG_METADATA
16:24:28,065 DBG ui.lib.storage: Selecting all disks by default: vda
16:24:28,065 INF lifecycle: Module initialized: StorageSpoke
16:24:28,066 INF threading: Thread Done: AnaStorageWatcher (140202930583296)
16:24:28,441 DBG payload.manager: Updating payload thread state: DOWNLOADING_GROUP_METADATA
16:24:33,446 DBG payload.manager: Updating payload thread state: FINISHED
16:24:33,447 DBG ui.tui.spokes.software_selection: Payload restarted, set new info and clear the old one.
16:24:33,447 INF threading: Thread Done: AnaPayloadThread (140202948155136)
16:24:33,448 DBG ui.tui.spokes.software_selection: Apply called old env None, new env None and addons set()
16:24:33,448 INF lifecycle: Module initialized: SoftwareSpoke
16:24:33,449 INF threading: Thread Done: AnaSoftwareWatcher (140202938976000)
16:24:33,453 INF lifecycle: Module initialized: SourceSpoke
16:24:33,454 INF lifecycle: All modules have been initialized.
16:24:33,454 INF threading: Thread Done: AnaSourceWatcher (140202956547840)
16:24:34,109 DBG ui.tui.spokes.storage: Saving storage configuration...
16:24:35,132 DBG ui.tui.spokes.storage: Checking storage configuration...
16:24:36,178 DBG ui.tui.spokes.storage: Partitioning has been applied: ValidationReport(error_messages=[], warning_messages=[])
16:24:36,179 DBG simpleline: Scheduling screen SummaryHub
16:24:36,180 DBG simpleline: New signal RenderScreenSignal enqueued with source ScreenScheduler
16:24:36,181 DBG simpleline: Scheduling screen ProgressSpoke
16:24:36,181 DBG simpleline: Starting main loop
16:24:36,182 DBG simpleline: Processing screen ScreenData(SummaryHub,None,False)
16:24:36,269 DBG simpleline: Input is required by ScreenData(SummaryHub,None,False) screen
16:24:36,333 INF ui.lib.space: fs space: 8.5 GiB  needed: 2.79 GiB
16:24:36,333 DBG simpleline: New signal CloseScreenSignal enqueued with source SummaryHub
16:24:36,334 DBG simpleline: Closing screen ScreenData(SummaryHub,None,False) from SummaryHub
16:24:36,334 DBG simpleline: New signal RenderScreenSignal enqueued with source ScreenScheduler
16:24:36,335 DBG simpleline: Processing screen ScreenData(ProgressSpoke,None,False)
16:24:36,348 INF threading: Running Thread: AnaInstallThread (140202956547840)
16:24:36,564 INF installation: Top-level task queue: Complete installation queue
Number of task queues: 17
Number of tasks: 44
Task & task group listing:
 Task queue: Installation queue
  Task: Save system time to HW clock
  Task queue: Installation environment setup
   Task: Setup addons
   Task: Configure the runtime system
  Task queue: Early storage configuration
   Task: Activate filesystems
   Task: Mount filesystems
   Task: Write the storage configuration
  Task queue: Pre-install scripts
   Task: Run %pre-install scripts
  Task queue: Pre install tasks
   Task: Copy resolv.conf to sysroot
   Task: Discover information about a realm
   Task: Find additional packages & run pre_install()
  Task queue: Payload installation
   Task: Install the payload
  Task queue: Bootloader installation
   Task: Configure the bootloader
   Task: Install the bootloader
  Task queue: Post-installation setup tasks
   Task: Run post-installation setup tasks
 Task queue: Configuration queue
  Task queue: Subscription configuration
   Task: Restoring subscription manager defaults
   Task: Transfer subscription tokens to target system
   Task: Connect the target system to Red Hat Insights
  Task queue: Installed system configuration
   Task: Configure SELinux
   Task: Configure fingerprint authentication
   Task: Authselect configuration
   Task: Authconfig configuration
   Task: Configure time zone
   Task: Configure NTP
   Task: Configure Initial Setup
   Task: Configure post-installation tools
   Task: Configure services
   Task: Configure systemd default target
   Task: Configure default desktop
   Task: Configure language
   Task: Configure keyboard
   Task: Configure firewall
   Task: Create groups
   Task: Create users
   Task: Configure root password
   Task: Set SSH keys
   Task: Configure optional root password SSH login
  Task queue: Network configuration
   Task: Network configuration
  Task queue: User creation
  Task queue: Anaconda addon configuration
   Task: Configure Anaconda addons
   Task: Install the system
  Task queue: Initramfs generation
   Task: Generate initramfs
   Task: Rerun zipl
  Task: Join a realm
  Task queue: Post installation scripts
   Task: Run post installation scripts
  Task queue: Write configs and kickstarts
   Task: Store kickstarts
16:24:36,565 INF installation: Queue started: Installation queue (1/17)
16:24:36,566 INF installation: Task started: Save system time to HW clock (1/44)
16:24:37,505 INF progress: Save system time to HW clock
16:24:37,506 DBG installation: Task completed: Save system time to HW clock (1/44) (0.9 s)
16:24:37,507 INF progress: Setting up the installation environment
16:24:37,508 INF installation: Queue started: Installation environment setup (2/17)
16:24:37,508 INF installation: Task started: Setup addons (2/44)
16:24:37,509 INF progress: Setting up com_redhat_kdump addon
16:24:37,517 INF progress: Setting up org_fedora_oscap addon
16:24:37,518 INF progress: Setup addons
16:24:37,518 DBG installation: Task completed: Setup addons (2/44) (0.0 s)
16:24:37,518 INF installation: Task started: Configure the runtime system (3/44)
16:24:37,523 INF progress: Configure the runtime system
16:24:37,524 DBG installation: Task completed: Configure the runtime system (3/44) (0.0 s)
16:24:37,524 INF progress: Configuring storage
16:24:37,525 INF installation: Queue started: Early storage configuration (3/17)
16:24:37,525 INF installation: Task started: Activate filesystems (4/44)
16:24:38,526 INF progress: Creating disklabel on /dev/vda
16:24:38,527 INF progress: Creating ext4 on /dev/vda1
16:24:39,539 INF progress: Activate filesystems
16:24:39,539 DBG installation: Task completed: Activate filesystems (4/44) (2.0 s)
16:24:39,540 INF installation: Task started: Mount filesystems (5/44)
16:24:41,553 INF progress: Mount filesystems
16:24:41,554 DBG installation: Task completed: Mount filesystems (5/44) (2.0 s)
16:24:41,554 INF installation: Task started: Write the storage configuration (6/44)
16:24:42,565 INF progress: Write the storage configuration
16:24:42,566 DBG installation: Task completed: Write the storage configuration (6/44) (1.0 s)
16:24:42,566 INF progress: Running pre-installation scripts
16:24:42,566 INF installation: Queue started: Pre-install scripts (4/17)
16:24:42,567 INF installation: Task started: Run %pre-install scripts (7/44)
16:24:42,567 INF progress: Run %pre-install scripts
16:24:42,568 DBG installation: Task completed: Run %pre-install scripts (7/44) (0.0 s)
16:24:42,570 INF progress: Running pre-installation tasks
16:24:42,571 INF installation: Queue started: Pre install tasks (5/17)
16:24:42,571 INF installation: Task started: Copy resolv.conf to sysroot (8/44)
16:24:42,572 INF progress: Copy resolv.conf to sysroot
16:24:42,573 DBG installation: Task completed: Copy resolv.conf to sysroot (8/44) (0.0 s)
16:24:42,573 INF installation: Task started: Discover information about a realm (9/44)
16:24:43,584 INF progress: Discover information about a realm
16:24:43,584 DBG installation: Task completed: Discover information about a realm (9/44) (1.0 s)
16:24:43,585 INF installation: Task started: Find additional packages & run pre_install() (10/44)
16:24:43,595 DBG payload.requirement: no group requirement added for language groups
16:24:43,609 DBG payload.requirement: added package requirement 'langpacks-en' for langpacks, strong=False
16:24:43,615 DBG installation: Adding requirements for module org.fedoraproject.Anaconda.Modules.Security : []
16:24:43,622 DBG installation: Adding requirements for module org.fedoraproject.Anaconda.Modules.Network : []
16:24:43,629 DBG installation: Adding requirements for module org.fedoraproject.Anaconda.Modules.Timezone : []
16:24:43,638 DBG installation: Adding requirements for module org.fedoraproject.Anaconda.Modules.Storage : [Requirement(name='e2fsprogs', reason='Required to manage storage devices.', type='package')]
16:24:43,638 DBG payload.requirement: added package requirement 'e2fsprogs' for Required to manage storage devices., strong=True
16:24:43,645 DBG installation: Adding requirements for module org.fedoraproject.Anaconda.Modules.Subscription : []
16:24:43,669 DBG payload.requirement: added group requirement 'platform-kvm' for platform, strong=True
16:24:43,670 INF progress: Find additional packages & run pre_install()
16:24:43,671 DBG installation: Task completed: Find additional packages & run pre_install() (10/44) (0.1 s)
16:24:43,672 INF progress: Installing.
16:24:43,673 INF installation: Queue started: Payload installation (6/17)
16:24:43,673 INF installation: Task started: Install the payload (11/44)
16:24:43,677 INF progress: Starting package installation process
16:24:43,843 DBG payload.requirement: apply with result True called on requirements [('package', 'langpacks-en', PayloadRequirement(id=langpacks-en, reasons=[PayloadRequirementReason(reason='langpacks', strong=False)])), ('package', 'e2fsprogs', PayloadRequirement(id=e2fsprogs, reasons=[PayloadRequirementReason(reason='Required to manage storage devices.', strong=True)])), ('group', 'platform-kvm', PayloadRequirement(id=platform-kvm, reasons=[PayloadRequirementReason(reason='platform', strong=True)]))]
16:24:45,021 INF progress: Preparing transaction from installation source
16:25:17,788 INF progress: Install the payload
16:25:17,788 DBG installation: Task completed: Install the payload (11/44) (34.1 s)
16:25:17,790 INF progress: Installing boot loader
16:25:17,790 INF installation: Queue started: Bootloader installation (7/17)
16:25:17,791 INF installation: Task started: Configure the bootloader (12/44)
16:25:17,814 INF progress: Configure the bootloader
16:25:17,814 DBG installation: Task completed: Configure the bootloader (12/44) (0.0 s)
16:25:17,815 INF installation: Task started: Install the bootloader (13/44)
16:25:17,822 INF progress: Install the bootloader
16:25:17,822 DBG installation: Task completed: Install the bootloader (13/44) (0.0 s)
16:25:17,824 INF progress: Performing post-installation setup tasks
16:25:17,824 INF installation: Queue started: Post-installation setup tasks (8/17)
16:25:17,825 INF installation: Task started: Run post-installation setup tasks (14/44)
16:25:17,871 INF payload.base: Installation requirements: [('package', 'langpacks-en', PayloadRequirement(id=langpacks-en, reasons=[PayloadRequirementReason(reason='langpacks', strong=False)])), ('package', 'e2fsprogs', PayloadRequirement(id=e2fsprogs, reasons=[PayloadRequirementReason(reason='Required to manage storage devices.', strong=True)])), ('group', 'platform-kvm', PayloadRequirement(id=platform-kvm, reasons=[PayloadRequirementReason(reason='platform', strong=True)]))]
16:25:17,874 INF progress: Run post-installation setup tasks
16:25:17,874 DBG installation: Task completed: Run post-installation setup tasks (14/44) (0.0 s)
16:25:17,875 INF installation: Queue started: Configuration queue (9/17)
16:25:17,875 INF progress: Configuring Red Hat subscription
16:25:17,876 INF installation: Queue started: Subscription configuration (10/17)
16:25:17,876 INF installation: Task started: Restoring subscription manager defaults (15/44)
16:25:18,886 INF progress: Restoring subscription manager defaults
16:25:18,886 DBG installation: Task completed: Restoring subscription manager defaults (15/44) (1.0 s)
16:25:18,887 INF installation: Task started: Transfer subscription tokens to target system (16/44)
16:25:18,892 INF progress: Transfer subscription tokens to target system
16:25:18,892 DBG installation: Task completed: Transfer subscription tokens to target system (16/44) (0.0 s)
16:25:18,892 INF installation: Task started: Connect the target system to Red Hat Insights (17/44)
16:25:18,897 INF progress: Connect the target system to Red Hat Insights
16:25:18,897 DBG installation: Task completed: Connect the target system to Red Hat Insights (17/44) (0.0 s)
16:25:18,898 INF progress: Configuring installed system
16:25:18,899 INF installation: Queue started: Installed system configuration (11/17)
16:25:18,899 INF installation: Task started: Configure SELinux (18/44)
16:25:19,909 INF progress: Configure SELinux
16:25:19,910 DBG installation: Task completed: Configure SELinux (18/44) (1.0 s)
16:25:19,910 INF installation: Task started: Configure fingerprint authentication (19/44)
16:25:19,916 INF progress: Configure fingerprint authentication
16:25:19,917 DBG installation: Task completed: Configure fingerprint authentication (19/44) (0.0 s)
16:25:19,917 INF installation: Task started: Authselect configuration (20/44)
16:25:19,923 INF progress: Authselect configuration
16:25:19,923 DBG installation: Task completed: Authselect configuration (20/44) (0.0 s)
16:25:19,924 INF installation: Task started: Authconfig configuration (21/44)
16:25:19,931 INF progress: Authconfig configuration
16:25:19,931 DBG installation: Task completed: Authconfig configuration (21/44) (0.0 s)
16:25:19,932 INF installation: Task started: Configure time zone (22/44)
16:25:20,942 INF progress: Configure time zone
16:25:20,942 DBG installation: Task completed: Configure time zone (22/44) (1.0 s)
16:25:20,943 INF installation: Task started: Configure NTP (23/44)
16:25:21,959 INF progress: Configure NTP
16:25:21,959 DBG installation: Task completed: Configure NTP (23/44) (1.0 s)
16:25:21,960 INF installation: Task started: Configure Initial Setup (24/44)
16:25:21,966 INF progress: Configure Initial Setup
16:25:21,967 DBG installation: Task completed: Configure Initial Setup (24/44) (0.0 s)
16:25:21,967 INF installation: Task started: Configure post-installation tools (25/44)
16:25:22,974 INF progress: Configure post-installation tools
16:25:22,975 DBG installation: Task completed: Configure post-installation tools (25/44) (1.0 s)
16:25:22,975 INF installation: Task started: Configure services (26/44)
16:25:22,980 INF progress: Configure services
16:25:22,980 DBG installation: Task completed: Configure services (26/44) (0.0 s)
16:25:22,980 INF installation: Task started: Configure systemd default target (27/44)
16:25:22,985 INF progress: Configure systemd default target
16:25:22,985 DBG installation: Task completed: Configure systemd default target (27/44) (0.0 s)
16:25:22,986 INF installation: Task started: Configure default desktop (28/44)
16:25:22,991 INF progress: Configure default desktop
16:25:22,991 DBG installation: Task completed: Configure default desktop (28/44) (0.0 s)
16:25:22,991 INF installation: Task started: Configure language (29/44)
16:25:22,999 INF progress: Configure language
16:25:22,999 DBG installation: Task completed: Configure language (29/44) (0.0 s)
16:25:23,000 INF installation: Task started: Configure keyboard (30/44)
16:25:24,010 INF progress: Configure keyboard
16:25:24,011 DBG installation: Task completed: Configure keyboard (30/44) (1.0 s)
16:25:24,011 INF installation: Task started: Configure firewall (31/44)
16:25:24,017 INF progress: Configure firewall
16:25:24,018 DBG installation: Task completed: Configure firewall (31/44) (0.0 s)
16:25:24,018 INF installation: Task started: Create groups (32/44)
16:25:24,024 INF progress: Create groups
16:25:24,025 DBG installation: Task completed: Create groups (32/44) (0.0 s)
16:25:24,025 INF installation: Task started: Create users (33/44)
16:25:24,031 INF progress: Create users
16:25:24,031 DBG installation: Task completed: Create users (33/44) (0.0 s)
16:25:24,031 INF installation: Task started: Configure root password (34/44)
16:25:25,039 INF progress: Configure root password
16:25:25,039 DBG installation: Task completed: Configure root password (34/44) (1.0 s)
16:25:25,040 INF installation: Task started: Set SSH keys (35/44)
16:25:25,045 INF progress: Set SSH keys
16:25:25,046 DBG installation: Task completed: Set SSH keys (35/44) (0.0 s)
16:25:25,046 INF installation: Task started: Configure optional root password SSH login (36/44)
16:25:26,054 INF progress: Configure optional root password SSH login
16:25:26,055 DBG installation: Task completed: Configure optional root password SSH login (36/44) (1.0 s)
16:25:26,056 INF progress: Writing network configuration
16:25:26,056 INF installation: Queue started: Network configuration (12/17)
16:25:26,057 INF installation: Task started: Network configuration (37/44)
16:25:29,104 INF progress: Network configuration
16:25:29,105 DBG installation: Task completed: Network configuration (37/44) (3.0 s)
16:25:29,105 WRN installation_tasks: Attempting to start an empty task queue (User creation).
16:25:29,106 INF progress: Creating users
16:25:29,106 INF installation: Queue started: User creation (13/17)
16:25:29,106 WRN installation_tasks: The task group User creation is empty.
16:25:29,107 INF progress: Configuring addons
16:25:29,107 INF installation: Queue started: Anaconda addon configuration (14/17)
16:25:29,108 INF installation: Task started: Configure Anaconda addons (38/44)
16:25:29,108 INF progress: Executing com_redhat_kdump addon
16:25:29,109 INF progress: Executing org_fedora_oscap addon
16:25:29,109 INF progress: Configure Anaconda addons
16:25:29,110 DBG installation: Task completed: Configure Anaconda addons (38/44) (0.0 s)
16:25:29,110 INF installation: Task started: Install the system (39/44)
16:25:29,118 INF progress: Install the system
16:25:29,118 DBG installation: Task completed: Install the system (39/44) (0.0 s)
16:25:29,120 INF progress: Generating initramfs
16:25:29,120 INF installation: Queue started: Initramfs generation (15/17)
16:25:29,120 INF installation: Task started: Generate initramfs (40/44)
16:25:29,123 DBG payload.base: new-kernel-pkg does not exist, using dracut instead.
16:25:29,126 INF progress: Generate initramfs
16:25:29,127 DBG installation: Task completed: Generate initramfs (40/44) (0.0 s)
16:25:29,128 INF installation: Task started: Rerun zipl (41/44)
16:25:29,134 INF progress: Rerun zipl
16:25:29,135 DBG installation: Task completed: Rerun zipl (41/44) (0.0 s)
16:25:29,135 INF installation: Task started: Join a realm (42/44)
16:25:29,141 INF progress: Join a realm
16:25:29,141 DBG installation: Task completed: Join a realm (42/44) (0.0 s)
16:25:29,142 INF progress: Running post-installation scripts
16:25:29,143 INF installation: Queue started: Post installation scripts (16/17)
16:25:29,143 INF installation: Task started: Run post installation scripts (43/44)
16:25:29,144 INF kickstart.script: Running kickstart %%post script(s)
16:25:30,092 ERR kickstart.script: Error code 127 running the kickstart script at line 1
