16:24:24,164 INF librepo: Librepo version: 1.12.0 with CURL_GLOBAL_ACK_EINTR support (libcurl/7.61.1 OpenSSL/1.1.1g zlib/1.2.11 brotli/1.0.6 libidn2/2.2.0 libpsl/0.20.2 (+libidn2/2.2.0) libssh/0.9.4/openssl/zlib nghttp2/1.33.0)
16:24:24,198 INF librepo: Librepo version: 1.12.0 with CURL_GLOBAL_ACK_EINTR support (libcurl/7.61.1 OpenSSL/1.1.1g zlib/1.2.11 brotli/1.0.6 libidn2/2.2.0 libpsl/0.20.2 (+libidn2/2.2.0) libssh/0.9.4/openssl/zlib nghttp2/1.33.0)
16:24:28,122 INF librepo: Librepo version: 1.12.0 with CURL_GLOBAL_ACK_EINTR support (libcurl/7.61.1 OpenSSL/1.1.1g zlib/1.2.11 brotli/1.0.6 libidn2/2.2.0 libpsl/0.20.2 (+libidn2/2.2.0) libssh/0.9.4/openssl/zlib nghttp2/1.33.0)
16:24:28,139 INF librepo: Downloading: http://download-node-02.eng.bos.redhat.com/rhel-8/devel/candidate-trees/RHEL-8/RHEL-8.4.0-updates-20210803.2/compose/BaseOS/x86_64/os/repodata/repomd.xml
16:24:28,169 INF librepo: Downloading: http://download-node-02.eng.bos.redhat.com/rhel-8/devel/candidate-trees/RHEL-8/RHEL-8.4.0-updates-20210803.2/compose/BaseOS/x86_64/os/repodata/2589ea36de63910c8b04878deab7e5790590a0dcd712dbc40ab1468d0b2364b5-primary.xml.gz
16:24:28,169 INF librepo: Downloading: http://download-node-02.eng.bos.redhat.com/rhel-8/devel/candidate-trees/RHEL-8/RHEL-8.4.0-updates-20210803.2/compose/BaseOS/x86_64/os/repodata/8f0d94ee6d2433db787ce048be128d423755ad09955012434536332361c9a105-filelists.xml.gz
16:24:28,170 INF librepo: Downloading: http://download-node-02.eng.bos.redhat.com/rhel-8/devel/candidate-trees/RHEL-8/RHEL-8.4.0-updates-20210803.2/compose/BaseOS/x86_64/os/repodata/7e0aaa85fc7af19b1efb8cf740b78581643bdff4cfcf74a74a27ce0e57604347-comps-BaseOS.x86_64.xml.gz
16:24:28,233 INF librepo: Downloading: http://download-node-02.eng.bos.redhat.com/rhel-8/devel/candidate-trees/RHEL-8/RHEL-8.4.0-updates-20210803.2/compose/BaseOS/x86_64/os/repodata/repomd.xml
16:24:28,236 INF librepo: Downloading: http://download-node-02.eng.bos.redhat.com/rhel-8/devel/candidate-trees/RHEL-8/RHEL-8.4.0-updates-20210803.2/compose/BaseOS/x86_64/os/repodata/2589ea36de63910c8b04878deab7e5790590a0dcd712dbc40ab1468d0b2364b5-primary.xml.gz
16:24:28,236 INF librepo: Downloading: http://download-node-02.eng.bos.redhat.com/rhel-8/devel/candidate-trees/RHEL-8/RHEL-8.4.0-updates-20210803.2/compose/BaseOS/x86_64/os/repodata/8f0d94ee6d2433db787ce048be128d423755ad09955012434536332361c9a105-filelists.xml.gz
16:24:28,236 INF librepo: Downloading: http://download-node-02.eng.bos.redhat.com/rhel-8/devel/candidate-trees/RHEL-8/RHEL-8.4.0-updates-20210803.2/compose/BaseOS/x86_64/os/repodata/7e0aaa85fc7af19b1efb8cf740b78581643bdff4cfcf74a74a27ce0e57604347-comps-BaseOS.x86_64.xml.gz
16:24:28,288 INF librepo: Downloading: http://download-node-02.eng.bos.redhat.com/rhel-8/devel/candidate-trees/RHEL-8/RHEL-8.4.0-updates-20210803.2/compose/AppStream/x86_64/os/repodata/repomd.xml
16:24:28,292 INF librepo: Downloading: http://download-node-02.eng.bos.redhat.com/rhel-8/devel/candidate-trees/RHEL-8/RHEL-8.4.0-updates-20210803.2/compose/AppStream/x86_64/os/repodata/5d60589c9e37d9b4d0c6b3e4b0c823f8b78b0f7faa20f281c4fcf3ed07e133b1-primary.xml.gz
16:24:28,292 INF librepo: Downloading: http://download-node-02.eng.bos.redhat.com/rhel-8/devel/candidate-trees/RHEL-8/RHEL-8.4.0-updates-20210803.2/compose/AppStream/x86_64/os/repodata/1dd80a7fd32f6c2d5e546ed37433c689a3c1c9287a31f4cee1a45480c4a243cd-filelists.xml.gz
16:24:28,292 INF librepo: Downloading: http://download-node-02.eng.bos.redhat.com/rhel-8/devel/candidate-trees/RHEL-8/RHEL-8.4.0-updates-20210803.2/compose/AppStream/x86_64/os/repodata/902efe477d60913a6b57c7f897dffec00215d75de07ba128e5facf8d9b3e59b9-comps-AppStream.x86_64.xml.gz
16:24:28,299 INF librepo: Downloading: http://download-node-02.eng.bos.redhat.com/rhel-8/devel/candidate-trees/RHEL-8/RHEL-8.4.0-updates-20210803.2/compose/AppStream/x86_64/os/repodata/e96138218657723c248bb88ee2811e404f4b63c7a00543e36ebc6ed8cf37fb36-modules.yaml.gz
16:24:44,310 INF librepo: Downloading: http://download-node-02.eng.bos.redhat.com/rhel-8/devel/candidate-trees/RHEL-8/RHEL-8.4.0-updates-20210803.2/compose/BaseOS/x86_64/os/Packages/sed-4.5-2.el8.x86_64.rpm
16:24:44,311 INF librepo: Downloading: http://download-node-02.eng.bos.redhat.com/rhel-8/devel/candidate-trees/RHEL-8/RHEL-8.4.0-updates-20210803.2/compose/BaseOS/x86_64/os/Packages/setup-2.12.2-6.el8.noarch.rpm
16:24:44,311 INF librepo: Downloading: http://download-node-02.eng.bos.redhat.com/rhel-8/devel/candidate-trees/RHEL-8/RHEL-8.4.0-updates-20210803.2/compose/BaseOS/x86_64/os/Packages/glibc-minimal-langpack-2.28-151.el8.x86_64.rpm
16:24:44,318 INF librepo: Downloading: http://download-node-02.eng.bos.redhat.com/rhel-8/devel/candidate-trees/RHEL-8/RHEL-8.4.0-updates-20210803.2/compose/BaseOS/x86_64/os/Packages/gmp-6.1.2-10.el8.x86_64.rpm
16:24:44,323 INF librepo: Downloading: http://download-node-02.eng.bos.redhat.com/rhel-8/devel/candidate-trees/RHEL-8/RHEL-8.4.0-updates-20210803.2/compose/BaseOS/x86_64/os/Packages/libunistring-0.9.9-3.el8.x86_64.rpm
16:24:44,329 INF librepo: Downloading: http://download-node-02.eng.bos.redhat.com/rhel-8/devel/candidate-trees/RHEL-8/RHEL-8.4.0-updates-20210803.2/compose/BaseOS/x86_64/os/Packages/libusbx-1.0.23-4.el8.x86_64.rpm
16:24:44,335 INF librepo: Downloading: http://download-node-02.eng.bos.redhat.com/rhel-8/devel/candidate-trees/RHEL-8/RHEL-8.4.0-updates-20210803.2/compose/BaseOS/x86_64/os/Packages/gnupg2-2.2.20-2.el8.x86_64.rpm
16:24:44,336 INF librepo: Downloading: http://download-node-02.eng.bos.redhat.com/rhel-8/devel/candidate-trees/RHEL-8/RHEL-8.4.0-updates-20210803.2/compose/BaseOS/x86_64/os/Packages/gnutls-3.6.14-8.el8_3.x86_64.rpm
16:24:44,345 INF librepo: Downloading: http://download-node-02.eng.bos.redhat.com/rhel-8/devel/candidate-trees/RHEL-8/RHEL-8.4.0-updates-20210803.2/compose/BaseOS/x86_64/os/Packages/gobject-introspection-1.56.1-1.el8.x86_64.rpm
16:24:44,358 INF librepo: Downloading: http://download-node-02.eng.bos.redhat.com/rhel-8/devel/candidate-trees/RHEL-8/RHEL-8.4.0-updates-20210803.2/compose/BaseOS/x86_64/os/Packages/gpgme-1.13.1-7.el8.x86_64.rpm
16:24:44,379 INF librepo: Downloading: http://download-node-02.eng.bos.redhat.com/rhel-8/devel/candidate-trees/RHEL-8/RHEL-8.4.0-updates-20210803.2/compose/BaseOS/x86_64/os/Packages/libuuid-2.32.1-27.el8.x86_64.rpm
16:24:44,380 INF librepo: Downloading: http://download-node-02.eng.bos.redhat.com/rhel-8/devel/candidate-trees/RHEL-8/RHEL-8.4.0-updates-20210803.2/compose/BaseOS/x86_64/os/Packages/grep-3.1-6.el8.x86_64.rpm
16:24:44,389 INF librepo: Downloading: http://download-node-02.eng.bos.redhat.com/rhel-8/devel/candidate-trees/RHEL-8/RHEL-8.4.0-updates-20210803.2/compose/BaseOS/x86_64/os/Packages/sqlite-libs-3.26.0-13.el8.x86_64.rpm
16:24:44,396 INF librepo: Downloading: http://download-node-02.eng.bos.redhat.com/rhel-8/devel/candidate-trees/RHEL-8/RHEL-8.4.0-updates-20210803.2/compose/BaseOS/x86_64/os/Packages/libverto-0.3.0-5.el8.x86_64.rpm
16:24:44,401 INF librepo: Downloading: http://download-node-02.eng.bos.redhat.com/rhel-8/devel/candidate-trees/RHEL-8/RHEL-8.4.0-updates-20210803.2/compose/BaseOS/x86_64/os/Packages/libxcrypt-4.1.1-4.el8.x86_64.rpm
16:24:44,407 INF librepo: Downloading: http://download-node-02.eng.bos.redhat.com/rhel-8/devel/candidate-trees/RHEL-8/RHEL-8.4.0-updates-20210803.2/compose/BaseOS/x86_64/os/Packages/audit-libs-3.0-0.17.20191104git1c2f876.el8.x86_64.rpm
16:24:44,417 INF librepo: Downloading: http://download-node-02.eng.bos.redhat.com/rhel-8/devel/candidate-trees/RHEL-8/RHEL-8.4.0-updates-20210803.2/compose/BaseOS/x86_64/os/Packages/libxml2-2.9.7-9.el8_4.2.x86_64.rpm
16:24:44,420 INF librepo: Downloading: http://download-node-02.eng.bos.redhat.com/rhel-8/devel/candidate-trees/RHEL-8/RHEL-8.4.0-updates-20210803.2/compose/BaseOS/x86_64/os/Packages/libyaml-0.1.7-5.el8.x86_64.rpm
16:24:44,426 INF librepo: Downloading: http://download-node-02.eng.bos.redhat.com/rhel-8/devel/candidate-trees/RHEL-8/RHEL-8.4.0-updates-20210803.2/compose/BaseOS/x86_64/os/Packages/libzstd-1.4.4-1.el8.x86_64.rpm
16:24:44,443 INF librepo: Downloading: http://download-node-02.eng.bos.redhat.com/rhel-8/devel/candidate-trees/RHEL-8/RHEL-8.4.0-updates-20210803.2/compose/BaseOS/x86_64/os/Packages/basesystem-11-5.el8.noarch.rpm
16:24:44,447 INF librepo: Downloading: http://download-node-02.eng.bos.redhat.com/rhel-8/devel/candidate-trees/RHEL-8/RHEL-8.4.0-updates-20210803.2/compose/BaseOS/x86_64/os/Packages/bash-4.4.20-1.el8_4.x86_64.rpm
16:24:44,454 INF librepo: Downloading: http://download-node-02.eng.bos.redhat.com/rhel-8/devel/candidate-trees/RHEL-8/RHEL-8.4.0-updates-20210803.2/compose/BaseOS/x86_64/os/Packages/info-6.5-6.el8.x86_64.rpm
16:24:44,463 INF librepo: Downloading: http://download-node-02.eng.bos.redhat.com/rhel-8/devel/candidate-trees/RHEL-8/RHEL-8.4.0-updates-20210803.2/compose/BaseOS/x86_64/os/Packages/systemd-libs-239-45.el8_4.3.x86_64.rpm
16:24:44,468 INF librepo: Downloading: http://download-node-02.eng.bos.redhat.com/rhel-8/devel/candidate-trees/RHEL-8/RHEL-8.4.0-updates-20210803.2/compose/BaseOS/x86_64/os/Packages/lua-libs-5.3.4-11.el8.x86_64.rpm
16:24:44,477 INF librepo: Downloading: http://download-node-02.eng.bos.redhat.com/rhel-8/devel/candidate-trees/RHEL-8/RHEL-8.4.0-updates-20210803.2/compose/BaseOS/x86_64/os/Packages/brotli-1.0.6-3.el8.x86_64.rpm
16:24:44,493 INF librepo: Downloading: http://download-node-02.eng.bos.redhat.com/rhel-8/devel/candidate-trees/RHEL-8/RHEL-8.4.0-updates-20210803.2/compose/BaseOS/x86_64/os/Packages/lz4-libs-1.8.3-3.el8_4.x86_64.rpm
16:24:44,498 INF librepo: Downloading: http://download-node-02.eng.bos.redhat.com/rhel-8/devel/candidate-trees/RHEL-8/RHEL-8.4.0-updates-20210803.2/compose/BaseOS/x86_64/os/Packages/bzip2-libs-1.0.6-26.el8.x86_64.rpm
16:24:44,502 INF librepo: Downloading: http://download-node-02.eng.bos.redhat.com/rhel-8/devel/candidate-trees/RHEL-8/RHEL-8.4.0-updates-20210803.2/compose/BaseOS/x86_64/os/Packages/ca-certificates-2020.2.41-80.0.el8_2.noarch.rpm
16:24:44,511 INF librepo: Downloading: http://download-node-02.eng.bos.redhat.com/rhel-8/devel/candidate-trees/RHEL-8/RHEL-8.4.0-updates-20210803.2/compose/BaseOS/x86_64/os/Packages/chkconfig-1.13-2.el8.x86_64.rpm
16:24:44,525 INF librepo: Downloading: http://download-node-02.eng.bos.redhat.com/rhel-8/devel/candidate-trees/RHEL-8/RHEL-8.4.0-updates-20210803.2/compose/BaseOS/x86_64/os/Packages/coreutils-single-8.30-8.el8.x86_64.rpm
16:24:44,532 INF librepo: Downloading: http://download-node-02.eng.bos.redhat.com/rhel-8/devel/candidate-trees/RHEL-8/RHEL-8.4.0-updates-20210803.2/compose/BaseOS/x86_64/os/Packages/microdnf-3.4.0-4.el8.x86_64.rpm
16:24:44,537 INF librepo: Downloading: http://download-node-02.eng.bos.redhat.com/rhel-8/devel/candidate-trees/RHEL-8/RHEL-8.4.0-updates-20210803.2/compose/BaseOS/x86_64/os/Packages/tzdata-2021a-1.el8.noarch.rpm
16:24:44,555 INF librepo: Downloading: http://download-node-02.eng.bos.redhat.com/rhel-8/devel/candidate-trees/RHEL-8/RHEL-8.4.0-updates-20210803.2/compose/BaseOS/x86_64/os/Packages/crypto-policies-20210209-1.gitbfb6bed.el8_3.noarch.rpm
16:24:44,561 INF librepo: Downloading: http://download-node-02.eng.bos.redhat.com/rhel-8/devel/candidate-trees/RHEL-8/RHEL-8.4.0-updates-20210803.2/compose/BaseOS/x86_64/os/Packages/mpfr-3.1.6-1.el8.x86_64.rpm
16:24:44,563 INF librepo: Downloading: http://download-node-02.eng.bos.redhat.com/rhel-8/devel/candidate-trees/RHEL-8/RHEL-8.4.0-updates-20210803.2/compose/BaseOS/x86_64/os/Packages/json-c-0.13.1-0.4.el8.x86_64.rpm
16:24:44,567 INF librepo: Downloading: http://download-node-02.eng.bos.redhat.com/rhel-8/devel/candidate-trees/RHEL-8/RHEL-8.4.0-updates-20210803.2/compose/BaseOS/x86_64/os/Packages/json-glib-1.4.4-1.el8.x86_64.rpm
16:24:44,571 INF librepo: Downloading: http://download-node-02.eng.bos.redhat.com/rhel-8/devel/candidate-trees/RHEL-8/RHEL-8.4.0-updates-20210803.2/compose/BaseOS/x86_64/os/Packages/ncurses-base-6.1-7.20180224.el8.noarch.rpm
16:24:44,576 INF librepo: Downloading: http://download-node-02.eng.bos.redhat.com/rhel-8/devel/candidate-trees/RHEL-8/RHEL-8.4.0-updates-20210803.2/compose/BaseOS/x86_64/os/Packages/curl-7.61.1-18.el8.x86_64.rpm
16:24:44,577 INF librepo: Downloading: http://download-node-02.eng.bos.redhat.com/rhel-8/devel/candidate-trees/RHEL-8/RHEL-8.4.0-updates-20210803.2/compose/BaseOS/x86_64/os/Packages/ncurses-libs-6.1-7.20180224.el8.x86_64.rpm
16:24:44,589 INF librepo: Downloading: http://download-node-02.eng.bos.redhat.com/rhel-8/devel/candidate-trees/RHEL-8/RHEL-8.4.0-updates-20210803.2/compose/BaseOS/x86_64/os/Packages/cyrus-sasl-lib-2.1.27-5.el8.x86_64.rpm
16:24:44,593 INF librepo: Downloading: http://download-node-02.eng.bos.redhat.com/rhel-8/devel/candidate-trees/RHEL-8/RHEL-8.4.0-updates-20210803.2/compose/BaseOS/x86_64/os/Packages/nettle-3.4.1-4.el8_3.x86_64.rpm
16:24:44,596 INF librepo: Downloading: http://download-node-02.eng.bos.redhat.com/rhel-8/devel/candidate-trees/RHEL-8/RHEL-8.4.0-updates-20210803.2/compose/BaseOS/x86_64/os/Packages/keyutils-libs-1.5.10-6.el8.x86_64.rpm
16:24:44,600 INF librepo: Downloading: http://download-node-02.eng.bos.redhat.com/rhel-8/devel/candidate-trees/RHEL-8/RHEL-8.4.0-updates-20210803.2/compose/BaseOS/x86_64/os/Packages/npth-1.5-4.el8.x86_64.rpm
16:24:44,602 INF librepo: Downloading: http://download-node-02.eng.bos.redhat.com/rhel-8/devel/candidate-trees/RHEL-8/RHEL-8.4.0-updates-20210803.2/compose/BaseOS/x86_64/os/Packages/xz-libs-5.2.4-3.el8.x86_64.rpm
16:24:44,605 INF librepo: Downloading: http://download-node-02.eng.bos.redhat.com/rhel-8/devel/candidate-trees/RHEL-8/RHEL-8.4.0-updates-20210803.2/compose/BaseOS/x86_64/os/Packages/zlib-1.2.11-17.el8.x86_64.rpm
16:24:44,609 INF librepo: Downloading: http://download-node-02.eng.bos.redhat.com/rhel-8/devel/candidate-trees/RHEL-8/RHEL-8.4.0-updates-20210803.2/compose/BaseOS/x86_64/os/Packages/krb5-libs-1.18.2-8.el8.x86_64.rpm
16:24:44,612 INF librepo: Downloading: http://download-node-02.eng.bos.redhat.com/rhel-8/devel/candidate-trees/RHEL-8/RHEL-8.4.0-updates-20210803.2/compose/BaseOS/x86_64/os/Packages/libacl-2.2.53-1.el8.x86_64.rpm
16:24:44,615 INF librepo: Downloading: http://download-node-02.eng.bos.redhat.com/rhel-8/devel/candidate-trees/RHEL-8/RHEL-8.4.0-updates-20210803.2/compose/BaseOS/x86_64/os/Packages/libarchive-3.3.3-1.el8.x86_64.rpm
16:24:44,617 INF librepo: Downloading: http://download-node-02.eng.bos.redhat.com/rhel-8/devel/candidate-trees/RHEL-8/RHEL-8.4.0-updates-20210803.2/compose/BaseOS/x86_64/os/Packages/openldap-2.4.46-17.el8_4.x86_64.rpm
16:24:44,631 INF librepo: Downloading: http://download-node-02.eng.bos.redhat.com/rhel-8/devel/candidate-trees/RHEL-8/RHEL-8.4.0-updates-20210803.2/compose/BaseOS/x86_64/os/Packages/libassuan-2.5.1-3.el8.x86_64.rpm
16:24:44,636 INF librepo: Downloading: http://download-node-02.eng.bos.redhat.com/rhel-8/devel/candidate-trees/RHEL-8/RHEL-8.4.0-updates-20210803.2/compose/BaseOS/x86_64/os/Packages/libattr-2.4.48-3.el8.x86_64.rpm
16:24:44,644 INF librepo: Downloading: http://download-node-02.eng.bos.redhat.com/rhel-8/devel/candidate-trees/RHEL-8/RHEL-8.4.0-updates-20210803.2/compose/BaseOS/x86_64/os/Packages/libblkid-2.32.1-27.el8.x86_64.rpm
16:24:44,647 INF librepo: Downloading: http://download-node-02.eng.bos.redhat.com/rhel-8/devel/candidate-trees/RHEL-8/RHEL-8.4.0-updates-20210803.2/compose/BaseOS/x86_64/os/Packages/openssl-libs-1.1.1g-15.el8_3.x86_64.rpm
16:24:44,647 INF librepo: Downloading: http://download-node-02.eng.bos.redhat.com/rhel-8/devel/candidate-trees/RHEL-8/RHEL-8.4.0-updates-20210803.2/compose/BaseOS/x86_64/os/Packages/libcap-2.26-4.el8.x86_64.rpm
16:24:44,652 INF librepo: Downloading: http://download-node-02.eng.bos.redhat.com/rhel-8/devel/candidate-trees/RHEL-8/RHEL-8.4.0-updates-20210803.2/compose/BaseOS/x86_64/os/Packages/p11-kit-0.23.22-1.el8.x86_64.rpm
16:24:44,655 INF librepo: Downloading: http://download-node-02.eng.bos.redhat.com/rhel-8/devel/candidate-trees/RHEL-8/RHEL-8.4.0-updates-20210803.2/compose/BaseOS/x86_64/os/Packages/libcap-ng-0.7.9-5.el8.x86_64.rpm
16:24:44,660 INF librepo: Downloading: http://download-node-02.eng.bos.redhat.com/rhel-8/devel/candidate-trees/RHEL-8/RHEL-8.4.0-updates-20210803.2/compose/BaseOS/x86_64/os/Packages/p11-kit-trust-0.23.22-1.el8.x86_64.rpm
16:24:44,670 INF librepo: Downloading: http://download-node-02.eng.bos.redhat.com/rhel-8/devel/candidate-trees/RHEL-8/RHEL-8.4.0-updates-20210803.2/compose/AppStream/x86_64/os/Packages/langpacks-en-1.0-12.el8.noarch.rpm
16:24:44,673 INF librepo: Downloading: http://download-node-02.eng.bos.redhat.com/rhel-8/devel/candidate-trees/RHEL-8/RHEL-8.4.0-updates-20210803.2/compose/BaseOS/x86_64/os/Packages/elfutils-libelf-0.182-3.el8.x86_64.rpm
16:24:44,675 INF librepo: Downloading: http://download-node-02.eng.bos.redhat.com/rhel-8/devel/candidate-trees/RHEL-8/RHEL-8.4.0-updates-20210803.2/compose/BaseOS/x86_64/os/Packages/libcom_err-1.45.6-1.el8.x86_64.rpm
16:24:44,681 INF librepo: Downloading: http://download-node-02.eng.bos.redhat.com/rhel-8/devel/candidate-trees/RHEL-8/RHEL-8.4.0-updates-20210803.2/compose/BaseOS/x86_64/os/Packages/expat-2.2.5-4.el8.x86_64.rpm
16:24:44,685 INF librepo: Downloading: http://download-node-02.eng.bos.redhat.com/rhel-8/devel/candidate-trees/RHEL-8/RHEL-8.4.0-updates-20210803.2/compose/BaseOS/x86_64/os/Packages/pcre-8.42-4.el8.x86_64.rpm
16:24:44,689 INF librepo: Downloading: http://download-node-02.eng.bos.redhat.com/rhel-8/devel/candidate-trees/RHEL-8/RHEL-8.4.0-updates-20210803.2/compose/BaseOS/x86_64/os/Packages/libcurl-7.61.1-18.el8.x86_64.rpm
16:24:44,696 INF librepo: Downloading: http://download-node-02.eng.bos.redhat.com/rhel-8/devel/candidate-trees/RHEL-8/RHEL-8.4.0-updates-20210803.2/compose/BaseOS/x86_64/os/Packages/file-libs-5.33-16.el8_3.1.x86_64.rpm
16:24:44,702 INF librepo: Downloading: http://download-node-02.eng.bos.redhat.com/rhel-8/devel/candidate-trees/RHEL-8/RHEL-8.4.0-updates-20210803.2/compose/BaseOS/x86_64/os/Packages/filesystem-3.8-3.el8.x86_64.rpm
16:24:44,712 INF librepo: Downloading: http://download-node-02.eng.bos.redhat.com/rhel-8/devel/candidate-trees/RHEL-8/RHEL-8.4.0-updates-20210803.2/compose/BaseOS/x86_64/os/Packages/libdb-5.3.28-40.el8.x86_64.rpm
16:24:44,728 INF librepo: Downloading: http://download-node-02.eng.bos.redhat.com/rhel-8/devel/candidate-trees/RHEL-8/RHEL-8.4.0-updates-20210803.2/compose/BaseOS/x86_64/os/Packages/libdb-utils-5.3.28-40.el8.x86_64.rpm
16:24:44,738 INF librepo: Downloading: http://download-node-02.eng.bos.redhat.com/rhel-8/devel/candidate-trees/RHEL-8/RHEL-8.4.0-updates-20210803.2/compose/BaseOS/x86_64/os/Packages/pcre2-10.32-2.el8.x86_64.rpm
16:24:44,745 INF librepo: Downloading: http://download-node-02.eng.bos.redhat.com/rhel-8/devel/candidate-trees/RHEL-8/RHEL-8.4.0-updates-20210803.2/compose/BaseOS/x86_64/os/Packages/libdnf-0.55.0-7.el8.x86_64.rpm
16:24:44,760 INF librepo: Downloading: http://download-node-02.eng.bos.redhat.com/rhel-8/devel/candidate-trees/RHEL-8/RHEL-8.4.0-updates-20210803.2/compose/BaseOS/x86_64/os/Packages/libffi-3.1-22.el8.x86_64.rpm
16:24:44,760 INF librepo: Downloading: http://download-node-02.eng.bos.redhat.com/rhel-8/devel/candidate-trees/RHEL-8/RHEL-8.4.0-updates-20210803.2/compose/BaseOS/x86_64/os/Packages/gawk-4.2.1-2.el8.x86_64.rpm
16:24:44,766 INF librepo: Downloading: http://download-node-02.eng.bos.redhat.com/rhel-8/devel/candidate-trees/RHEL-8/RHEL-8.4.0-updates-20210803.2/compose/BaseOS/x86_64/os/Packages/libgcc-8.4.1-1.el8.x86_64.rpm
16:24:44,772 INF librepo: Downloading: http://download-node-02.eng.bos.redhat.com/rhel-8/devel/candidate-trees/RHEL-8/RHEL-8.4.0-updates-20210803.2/compose/BaseOS/x86_64/os/Packages/libgcrypt-1.8.5-4.el8.x86_64.rpm
16:24:44,779 INF librepo: Downloading: http://download-node-02.eng.bos.redhat.com/rhel-8/devel/candidate-trees/RHEL-8/RHEL-8.4.0-updates-20210803.2/compose/BaseOS/x86_64/os/Packages/libgpg-error-1.31-1.el8.x86_64.rpm
16:24:44,793 INF librepo: Downloading: http://download-node-02.eng.bos.redhat.com/rhel-8/devel/candidate-trees/RHEL-8/RHEL-8.4.0-updates-20210803.2/compose/BaseOS/x86_64/os/Packages/glib2-2.56.4-10.el8_4.1.x86_64.rpm
16:24:44,796 INF librepo: Downloading: http://download-node-02.eng.bos.redhat.com/rhel-8/devel/candidate-trees/RHEL-8/RHEL-8.4.0-updates-20210803.2/compose/BaseOS/x86_64/os/Packages/glibc-2.28-151.el8.x86_64.rpm
16:24:44,810 INF librepo: Downloading: http://download-node-02.eng.bos.redhat.com/rhel-8/devel/candidate-trees/RHEL-8/RHEL-8.4.0-updates-20210803.2/compose/BaseOS/x86_64/os/Packages/glibc-common-2.28-151.el8.x86_64.rpm
16:24:44,864 INF librepo: Downloading: http://download-node-02.eng.bos.redhat.com/rhel-8/devel/candidate-trees/RHEL-8/RHEL-8.4.0-updates-20210803.2/compose/BaseOS/x86_64/os/Packages/libidn2-2.2.0-1.el8.x86_64.rpm
16:24:44,885 INF librepo: Downloading: http://download-node-02.eng.bos.redhat.com/rhel-8/devel/candidate-trees/RHEL-8/RHEL-8.4.0-updates-20210803.2/compose/BaseOS/x86_64/os/Packages/popt-1.18-1.el8.x86_64.rpm
16:24:44,889 INF librepo: Downloading: http://download-node-02.eng.bos.redhat.com/rhel-8/devel/candidate-trees/RHEL-8/RHEL-8.4.0-updates-20210803.2/compose/BaseOS/x86_64/os/Packages/libksba-1.3.5-7.el8.x86_64.rpm
16:24:44,891 INF librepo: Downloading: http://download-node-02.eng.bos.redhat.com/rhel-8/devel/candidate-trees/RHEL-8/RHEL-8.4.0-updates-20210803.2/compose/BaseOS/x86_64/os/Packages/libmetalink-0.1.3-7.el8.x86_64.rpm
16:24:44,897 INF librepo: Downloading: http://download-node-02.eng.bos.redhat.com/rhel-8/devel/candidate-trees/RHEL-8/RHEL-8.4.0-updates-20210803.2/compose/BaseOS/x86_64/os/Packages/publicsuffix-list-dafsa-20180723-1.el8.noarch.rpm
16:24:44,898 INF librepo: Downloading: http://download-node-02.eng.bos.redhat.com/rhel-8/devel/candidate-trees/RHEL-8/RHEL-8.4.0-updates-20210803.2/compose/BaseOS/x86_64/os/Packages/libmodulemd-2.9.4-2.el8.x86_64.rpm
16:24:44,903 INF librepo: Downloading: http://download-node-02.eng.bos.redhat.com/rhel-8/devel/candidate-trees/RHEL-8/RHEL-8.4.0-updates-20210803.2/compose/BaseOS/x86_64/os/Packages/libmount-2.32.1-27.el8.x86_64.rpm
16:24:44,908 INF librepo: Downloading: http://download-node-02.eng.bos.redhat.com/rhel-8/devel/candidate-trees/RHEL-8/RHEL-8.4.0-updates-20210803.2/compose/BaseOS/x86_64/os/Packages/libnghttp2-1.33.0-3.el8_2.1.x86_64.rpm
16:24:44,914 INF librepo: Downloading: http://download-node-02.eng.bos.redhat.com/rhel-8/devel/candidate-trees/RHEL-8/RHEL-8.4.0-updates-20210803.2/compose/BaseOS/x86_64/os/Packages/libpeas-1.22.0-6.el8.x86_64.rpm
16:24:44,918 INF librepo: Downloading: http://download-node-02.eng.bos.redhat.com/rhel-8/devel/candidate-trees/RHEL-8/RHEL-8.4.0-updates-20210803.2/compose/BaseOS/x86_64/os/Packages/libpsl-0.20.2-6.el8.x86_64.rpm
16:24:44,922 INF librepo: Downloading: http://download-node-02.eng.bos.redhat.com/rhel-8/devel/candidate-trees/RHEL-8/RHEL-8.4.0-updates-20210803.2/compose/BaseOS/x86_64/os/Packages/librepo-1.12.0-3.el8.x86_64.rpm
16:24:44,926 INF librepo: Downloading: http://download-node-02.eng.bos.redhat.com/rhel-8/devel/candidate-trees/RHEL-8/RHEL-8.4.0-updates-20210803.2/compose/BaseOS/x86_64/os/Packages/librhsm-0.0.3-4.el8.x86_64.rpm
16:24:44,950 INF librepo: Downloading: http://download-node-02.eng.bos.redhat.com/rhel-8/devel/candidate-trees/RHEL-8/RHEL-8.4.0-updates-20210803.2/compose/BaseOS/x86_64/os/Packages/libselinux-2.9-5.el8.x86_64.rpm
16:24:44,953 INF librepo: Downloading: http://download-node-02.eng.bos.redhat.com/rhel-8/devel/candidate-trees/RHEL-8/RHEL-8.4.0-updates-20210803.2/compose/BaseOS/x86_64/os/Packages/libsepol-2.9-2.el8.x86_64.rpm
16:24:44,956 INF librepo: Downloading: http://download-node-02.eng.bos.redhat.com/rhel-8/devel/candidate-trees/RHEL-8/RHEL-8.4.0-updates-20210803.2/compose/BaseOS/x86_64/os/Packages/libsigsegv-2.11-5.el8.x86_64.rpm
16:24:44,961 INF librepo: Downloading: http://download-node-02.eng.bos.redhat.com/rhel-8/devel/candidate-trees/RHEL-8/RHEL-8.4.0-updates-20210803.2/compose/BaseOS/x86_64/os/Packages/readline-7.0-10.el8.x86_64.rpm
16:24:44,962 INF librepo: Downloading: http://download-node-02.eng.bos.redhat.com/rhel-8/devel/candidate-trees/RHEL-8/RHEL-8.4.0-updates-20210803.2/compose/BaseOS/x86_64/os/Packages/libsmartcols-2.32.1-27.el8.x86_64.rpm
16:24:44,969 INF librepo: Downloading: http://download-node-02.eng.bos.redhat.com/rhel-8/devel/candidate-trees/RHEL-8/RHEL-8.4.0-updates-20210803.2/compose/BaseOS/x86_64/os/Packages/redhat-release-8.4-0.6.el8.x86_64.rpm
16:24:44,975 INF librepo: Downloading: http://download-node-02.eng.bos.redhat.com/rhel-8/devel/candidate-trees/RHEL-8/RHEL-8.4.0-updates-20210803.2/compose/BaseOS/x86_64/os/Packages/libsolv-0.7.16-2.el8.x86_64.rpm
16:24:44,975 INF librepo: Downloading: http://download-node-02.eng.bos.redhat.com/rhel-8/devel/candidate-trees/RHEL-8/RHEL-8.4.0-updates-20210803.2/compose/BaseOS/x86_64/os/Packages/rootfiles-8.1-22.el8.noarch.rpm
16:24:44,977 INF librepo: Downloading: http://download-node-02.eng.bos.redhat.com/rhel-8/devel/candidate-trees/RHEL-8/RHEL-8.4.0-updates-20210803.2/compose/BaseOS/x86_64/os/Packages/rpm-4.14.3-14.el8_4.x86_64.rpm
16:24:44,980 INF librepo: Downloading: http://download-node-02.eng.bos.redhat.com/rhel-8/devel/candidate-trees/RHEL-8/RHEL-8.4.0-updates-20210803.2/compose/BaseOS/x86_64/os/Packages/libssh-0.9.4-2.el8.x86_64.rpm
16:24:44,993 INF librepo: Downloading: http://download-node-02.eng.bos.redhat.com/rhel-8/devel/candidate-trees/RHEL-8/RHEL-8.4.0-updates-20210803.2/compose/BaseOS/x86_64/os/Packages/libssh-config-0.9.4-2.el8.noarch.rpm
16:24:44,994 INF librepo: Downloading: http://download-node-02.eng.bos.redhat.com/rhel-8/devel/candidate-trees/RHEL-8/RHEL-8.4.0-updates-20210803.2/compose/BaseOS/x86_64/os/Packages/rpm-libs-4.14.3-14.el8_4.x86_64.rpm
16:24:45,001 INF librepo: Downloading: http://download-node-02.eng.bos.redhat.com/rhel-8/devel/candidate-trees/RHEL-8/RHEL-8.4.0-updates-20210803.2/compose/BaseOS/x86_64/os/Packages/libstdc%2b%2b-8.4.1-1.el8.x86_64.rpm
16:24:45,002 INF librepo: Downloading: http://download-node-02.eng.bos.redhat.com/rhel-8/devel/candidate-trees/RHEL-8/RHEL-8.4.0-updates-20210803.2/compose/BaseOS/x86_64/os/Packages/libtasn1-4.13-3.el8.x86_64.rpm
